<?xml version="1.0" encoding="UTF-8"?>
<!-- Generated by org.testng.reporters.JUnitXMLReporter -->
<testsuite ignored="2" hostname="DESKTOP-GLSEC1K" failures="0" tests="2" name="Default test" time="3.676" errors="0" timestamp="2024-06-11T16:53:54 EET">
  <testcase classname="Mytest" name="loginTest" time="0.429"/>
  <testcase classname="Mytest" name="llElementsfindAThatHasTheTextLabs" time="0.395"/>
  <testcase classname="Mytest" name="addOneItemAndSkipTheNextItem" time="0.0">
    <ignored/>
  </testcase> <!-- addOneItemAndSkipTheNextItem -->
  <testcase classname="Mytest" name="addAllItems" time="0.0">
    <ignored/>
  </testcase> <!-- addAllItems -->
</testsuite> <!-- Default test -->
