<?xml version="1.0" encoding="UTF-8"?>
<testng-results ignored="2" total="4" passed="2" failed="0" skipped="0">
  <reporter-output>
  </reporter-output>
  <suite started-at="2024-06-11T16:53:50 EET" name="Default suite" finished-at="2024-06-11T16:53:54 EET" duration-ms="3676">
    <groups>
    </groups>
    <test started-at="2024-06-11T16:53:50 EET" name="Default test" finished-at="2024-06-11T16:53:54 EET" duration-ms="3676">
      <class name="Mytest">
        <test-method is-config="true" signature="mySetup()[pri:0, instance:Mytest@75cd8043]" started-at="2024-06-11T16:53:50 EET" name="mySetup" finished-at="2024-06-11T16:53:53 EET" duration-ms="2782" status="PASS">
          <reporter-output>
          </reporter-output>
        </test-method> <!-- mySetup -->
        <test-method signature="loginTest()[pri:1, instance:Mytest@75cd8043]" started-at="2024-06-11T16:53:53 EET" name="loginTest" finished-at="2024-06-11T16:53:54 EET" duration-ms="429" status="PASS">
          <reporter-output>
          </reporter-output>
        </test-method> <!-- loginTest -->
        <test-method signature="llElementsfindAThatHasTheTextLabs()[pri:4, instance:Mytest@75cd8043]" started-at="2024-06-11T16:53:54 EET" name="llElementsfindAThatHasTheTextLabs" finished-at="2024-06-11T16:53:54 EET" duration-ms="395" status="PASS">
          <reporter-output>
          </reporter-output>
        </test-method> <!-- llElementsfindAThatHasTheTextLabs -->
      </class> <!-- Mytest -->
    </test> <!-- Default test -->
  </suite> <!-- Default suite -->
</testng-results>
